# JRE version: OpenJDK Runtime Environment (8.0_242) (build 1.8.0_242-release-1644-b3-6222593)
# Java VM: OpenJDK 64-Bit Server VM (25.242-b3-6222593 mixed mode linux-amd64 compressed oops)
Heap:
 PSYoungGen      total 544768K, used 33797K [0x00000000d5580000, 0x00000000ff300000, 0x0000000100000000)
  eden space 423424K, 3% used [0x00000000d5580000,0x00000000d631d908,0x00000000ef300000)
  from space 121344K, 16% used [0x00000000f7c80000,0x00000000f8fe3e30,0x00000000ff300000)
  to   space 131072K, 0% used [0x00000000ef300000,0x00000000ef300000,0x00000000f7300000)
 ParOldGen       total 382464K, used 267498K [0x0000000080000000, 0x0000000097580000, 0x00000000d5580000)
  object space 382464K, 69% used [0x0000000080000000,0x000000009053abb0,0x0000000097580000)
 Metaspace       used 174817K, capacity 186072K, committed 190504K, reserved 1214464K
  class space    used 21990K, capacity 23967K, committed 24880K, reserved 1048576K
GC Heap History (10 events):
Event: 24893.401 GC heap before
{Heap before GC invocations=83 (full 7):
 PSYoungGen      total 560640K, used 560506K [0x00000000d5580000, 0x0000000100000000, 0x0000000100000000)
  eden space 479744K, 100% used [0x00000000d5580000,0x00000000f2a00000,0x00000000f2a00000)
  from space 80896K, 99% used [0x00000000f2a00000,0x00000000f78de8b0,0x00000000f7900000)
  to   space 118272K, 0% used [0x00000000f8c80000,0x00000000f8c80000,0x0000000100000000)
 ParOldGen       total 382464K, used 252237K [0x0000000080000000, 0x0000000097580000, 0x00000000d5580000)
  object space 382464K, 65% used [0x0000000080000000,0x000000008f653640,0x0000000097580000)
 Metaspace       used 174585K, capacity 185958K, committed 190504K, reserved 1214464K
  class space    used 21984K, capacity 23960K, committed 24880K, reserved 1048576K
Event: 24893.466 GC heap after
Heap after GC invocations=83 (full 7):
 PSYoungGen      total 584192K, used 19519K [0x00000000d5580000, 0x0000000100000000, 0x0000000100000000)
  eden space 465920K, 0% used [0x00000000d5580000,0x00000000d5580000,0x00000000f1c80000)
  from space 118272K, 16% used [0x00000000f8c80000,0x00000000f9f8fdf0,0x0000000100000000)
  to   space 114688K, 0% used [0x00000000f1c80000,0x00000000f1c80000,0x00000000f8c80000)
 ParOldGen       total 382464K, used 266993K [0x0000000080000000, 0x0000000097580000, 0x00000000d5580000)
  object space 382464K, 69% used [0x0000000080000000,0x00000000904bc540,0x0000000097580000)
 Metaspace       used 174585K, capacity 185958K, committed 190504K, reserved 1214464K
  class space    used 21984K, capacity 23960K, committed 24880K, reserved 1048576K
}
Event: 24895.492 GC heap before
{Heap before GC invocations=84 (full 7):
 PSYoungGen      total 584192K, used 485439K [0x00000000d5580000, 0x0000000100000000, 0x0000000100000000)
  eden space 465920K, 100% used [0x00000000d5580000,0x00000000f1c80000,0x00000000f1c80000)
  from space 118272K, 16% used [0x00000000f8c80000,0x00000000f9f8fdf0,0x0000000100000000)
  to   space 114688K, 0% used [0x00000000f1c80000,0x00000000f1c80000,0x00000000f8c80000)
 ParOldGen       total 382464K, used 266993K [0x0000000080000000, 0x0000000097580000, 0x00000000d5580000)
  object space 382464K, 69% used [0x0000000080000000,0x00000000904bc540,0x0000000097580000)
 Metaspace       used 174611K, capacity 185958K, committed 190504K, reserved 1214464K
  class space    used 21984K, capacity 23960K, committed 24880K, reserved 1048576K
Event: 24895.580 GC heap after
Heap after GC invocations=84 (full 7):
 PSYoungGen      total 545792K, used 79758K [0x00000000d5580000, 0x0000000100000000, 0x0000000100000000)
  eden space 465920K, 0% used [0x00000000d5580000,0x00000000d5580000,0x00000000f1c80000)
  from space 79872K, 99% used [0x00000000f1c80000,0x00000000f6a63b38,0x00000000f6a80000)
  to   space 121856K, 0% used [0x00000000f8900000,0x00000000f8900000,0x0000000100000000)
 ParOldGen       total 382464K, used 266993K [0x0000000080000000, 0x0000000097580000, 0x00000000d5580000)
  object space 382464K, 69% used [0x0000000080000000,0x00000000904bc540,0x0000000097580000)
 Metaspace       used 174611K, capacity 185958K, committed 190504K, reserved 1214464K
  class space    used 21984K, capacity 23960K, committed 24880K, reserved 1048576K
}
Event: 25312.585 GC heap before
{Heap before GC invocations=85 (full 7):
 PSYoungGen      total 545792K, used 545304K [0x00000000d5580000, 0x0000000100000000, 0x0000000100000000)
  eden space 465920K, 99% used [0x00000000d5580000,0x00000000f1c22720,0x00000000f1c80000)
  from space 79872K, 99% used [0x00000000f1c80000,0x00000000f6a63b38,0x00000000f6a80000)
  to   space 121856K, 0% used [0x00000000f8900000,0x00000000f8900000,0x0000000100000000)
 ParOldGen       total 382464K, used 266993K [0x0000000080000000, 0x0000000097580000, 0x00000000d5580000)
  object space 382464K, 69% used [0x0000000080000000,0x00000000904bc540,0x0000000097580000)
 Metaspace       used 174696K, capacity 186038K, committed 190504K, reserved 1214464K
  class space    used 21985K, capacity 23962K, committed 24880K, reserved 1048576K
Event: 25312.777 GC heap after
Heap after GC invocations=85 (full 7):
 PSYoungGen      total 539136K, used 115976K [0x00000000d5580000, 0x0000000100000000, 0x0000000100000000)
  eden space 417280K, 0% used [0x00000000d5580000,0x00000000d5580000,0x00000000eed00000)
  from space 121856K, 95% used [0x00000000f8900000,0x00000000ffa42038,0x0000000100000000)
  to   space 140800K, 0% used [0x00000000eed00000,0x00000000eed00000,0x00000000f7680000)
 ParOldGen       total 382464K, used 267466K [0x0000000080000000, 0x0000000097580000, 0x00000000d5580000)
  object space 382464K, 69% used [0x0000000080000000,0x0000000090532bb0,0x0000000097580000)
 Metaspace       used 174696K, capacity 186038K, committed 190504K, reserved 1214464K
  class space    used 21985K, capacity 23962K, committed 24880K, reserved 1048576K
}
Event: 25387.194 GC heap before
{Heap before GC invocations=86 (full 7):
 PSYoungGen      total 539136K, used 532306K [0x00000000d5580000, 0x0000000100000000, 0x0000000100000000)
  eden space 417280K, 99% used [0x00000000d5580000,0x00000000eec12b78,0x00000000eed00000)
  from space 121856K, 95% used [0x00000000f8900000,0x00000000ffa42038,0x0000000100000000)
  to   space 140800K, 0% used [0x00000000eed00000,0x00000000eed00000,0x00000000f7680000)
 ParOldGen       total 382464K, used 267466K [0x0000000080000000, 0x0000000097580000, 0x00000000d5580000)
  object space 382464K, 69% used [0x0000000080000000,0x0000000090532bb0,0x0000000097580000)
 Metaspace       used 174801K, capacity 186066K, committed 190504K, reserved 1214464K
  class space    used 21989K, capacity 23966K, committed 24880K, reserved 1048576K
Event: 25387.224 GC heap after
Heap after GC invocations=86 (full 7):
 PSYoungGen      total 558080K, used 34700K [0x00000000d5580000, 0x0000000100000000, 0x0000000100000000)
  eden space 417280K, 0% used [0x00000000d5580000,0x00000000d5580000,0x00000000eed00000)
  from space 140800K, 24% used [0x00000000eed00000,0x00000000f0ee30a0,0x00000000f7680000)
  to   space 134656K, 0% used [0x00000000f7c80000,0x00000000f7c80000,0x0000000100000000)
 ParOldGen       total 382464K, used 267498K [0x0000000080000000, 0x0000000097580000, 0x00000000d5580000)
  object space 382464K, 69% used [0x0000000080000000,0x000000009053abb0,0x0000000097580000)
 Metaspace       used 174801K, capacity 186066K, committed 190504K, reserved 1214464K
  class space    used 21989K, capacity 23966K, committed 24880K, reserved 1048576K
}
Event: 25389.335 GC heap before
{Heap before GC invocations=87 (full 7):
 PSYoungGen      total 558080K, used 451980K [0x00000000d5580000, 0x0000000100000000, 0x0000000100000000)
  eden space 417280K, 100% used [0x00000000d5580000,0x00000000eed00000,0x00000000eed00000)
  from space 140800K, 24% used [0x00000000eed00000,0x00000000f0ee30a0,0x00000000f7680000)
  to   space 134656K, 0% used [0x00000000f7c80000,0x00000000f7c80000,0x0000000100000000)
 ParOldGen       total 382464K, used 267498K [0x0000000080000000, 0x0000000097580000, 0x00000000d5580000)
  object space 382464K, 69% used [0x0000000080000000,0x000000009053abb0,0x0000000097580000)
 Metaspace       used 174814K, capacity 186072K, committed 190504K, reserved 1214464K
  class space    used 21990K, capacity 23967K, committed 24880K, reserved 1048576K
Event: 25389.350 GC heap after
Heap after GC invocations=87 (full 7):
 PSYoungGen      total 544768K, used 19855K [0x00000000d5580000, 0x00000000ff300000, 0x0000000100000000)
  eden space 423424K, 0% used [0x00000000d5580000,0x00000000d5580000,0x00000000ef300000)
  from space 121344K, 16% used [0x00000000f7c80000,0x00000000f8fe3e30,0x00000000ff300000)
  to   space 131072K, 0% used [0x00000000ef300000,0x00000000ef300000,0x00000000f7300000)
 ParOldGen       total 382464K, used 267498K [0x0000000080000000, 0x0000000097580000, 0x00000000d5580000)
  object space 382464K, 69% used [0x0000000080000000,0x000000009053abb0,0x0000000097580000)
 Metaspace       used 174814K, capacity 186072K, committed 190504K, reserved 1214464K
  class space    used 21990K, capacity 23967K, committed 24880K, reserved 1048576K
}

